<?xml version="1.0" encoding="UTF-8"?>
<!-- Generated by org.testng.reporters.JUnitXMLReporter -->
<testsuite ignored="0" hostname="DESKTOP-ASKAAMO" failures="0" tests="4" name="firefox" time="0.216" errors="0" timestamp="2022-10-26T00:33:55 IST">
  <testcase classname="testpack.Testclass" name="@BeforeTest openbrowser" time="0.043">
    <failure type="java.lang.IllegalStateException" message="The driver executable does not exist: C:\Users\USER\Downloads\geckodriver-v0.32.0-win32\grckodriver.exe">
      <![CDATA[java.lang.IllegalStateException: The driver executable does not exist: C:\Users\USER\Downloads\geckodriver-v0.32.0-win32\grckodriver.exe
at com.google.common.base.Preconditions.checkState(Preconditions.java:585)
at org.openqa.selenium.remote.service.DriverService.checkExecutable(DriverService.java:146)
at org.openqa.selenium.remote.service.DriverService.findExecutable(DriverService.java:141)
at org.openqa.selenium.firefox.GeckoDriverService.access$100(GeckoDriverService.java:44)
at org.openqa.selenium.firefox.GeckoDriverService$Builder.findDefaultExecutable(GeckoDriverService.java:167)
at org.openqa.selenium.remote.service.DriverService$Builder.build(DriverService.java:355)
at org.openqa.selenium.firefox.FirefoxDriver.toExecutor(FirefoxDriver.java:190)
at org.openqa.selenium.firefox.FirefoxDriver.<init>(FirefoxDriver.java:147)
at org.openqa.selenium.firefox.FirefoxDriver.<init>(FirefoxDriver.java:125)
at setup.Base.firefoxbrowser(Base.java:21)
at testpack.Testclass.openbrowser(Testclass.java:44)
... Removed 24 stack frames]]>
    </failure>
  </testcase> <!-- @BeforeTest openbrowser -->
  <testcase classname="testpack.Verifytestclass" name="@BeforeTest openbrowser" time="-1.666724635813E9">
    <skipped/>
  </testcase> <!-- @BeforeTest openbrowser -->
  <testcase classname="testpack.Testclass" name="@BeforeClass pomclassobjects" time="-1.666724635826E9">
    <skipped/>
  </testcase> <!-- @BeforeClass pomclassobjects -->
  <testcase classname="testpack.Verifytestclass" name="@BeforeClass pomclassobjects" time="-1.666724635826E9">
    <skipped/>
  </testcase> <!-- @BeforeClass pomclassobjects -->
  <testcase classname="testpack.Testclass" name="@BeforeMethod opentheappprocess" time="-1.666724635847E9">
    <skipped/>
  </testcase> <!-- @BeforeMethod opentheappprocess -->
  <testcase classname="testpack.Verifytestclass" name="@BeforeMethod opentheappprocess" time="-1.66672463586E9">
    <skipped/>
  </testcase> <!-- @BeforeMethod opentheappprocess -->
  <testcase classname="testpack.Testclass" name="@AfterMethod logoutfromapp" time="-1.666724635882E9">
    <skipped/>
  </testcase> <!-- @AfterMethod logoutfromapp -->
  <testcase classname="testpack.Testclass" name="@BeforeMethod opentheappprocess" time="-1.666724635892E9">
    <skipped/>
  </testcase> <!-- @BeforeMethod opentheappprocess -->
  <testcase classname="testpack.Verifytestclass" name="@AfterMethod logoutfromapp" time="-1.666724635911E9">
    <skipped/>
  </testcase> <!-- @AfterMethod logoutfromapp -->
  <testcase classname="testpack.Verifytestclass" name="@BeforeMethod opentheappprocess" time="-1.666724635915E9">
    <skipped/>
  </testcase> <!-- @BeforeMethod opentheappprocess -->
  <testcase classname="testpack.Verifytestclass" name="@AfterMethod logoutfromapp" time="-1.666724635928E9">
    <skipped/>
  </testcase> <!-- @AfterMethod logoutfromapp -->
  <testcase classname="testpack.Verifytestclass" name="@AfterClass objectsrefremove" time="-1.666724635931E9">
    <skipped/>
  </testcase> <!-- @AfterClass objectsrefremove -->
  <testcase classname="testpack.Testclass" name="@AfterMethod logoutfromapp" time="-1.666724635916E9">
    <skipped/>
  </testcase> <!-- @AfterMethod logoutfromapp -->
  <testcase classname="testpack.Testclass" name="@AfterClass objectsrefremove" time="-1.666724635958E9">
    <skipped/>
  </testcase> <!-- @AfterClass objectsrefremove -->
  <testcase classname="testpack.Testclass" name="@AfterTest closebrowser" time="-1.666724635964E9">
    <skipped/>
  </testcase> <!-- @AfterTest closebrowser -->
  <testcase classname="testpack.Verifytestclass" name="@AfterTest closebrowser" time="-1.666724635967E9">
    <skipped/>
  </testcase> <!-- @AfterTest closebrowser -->
  <testcase classname="testpack.Testclass" name="verifycontacttohelpbutton" time="0.0">
    <skipped/>
  </testcase> <!-- verifycontacttohelpbutton -->
  <testcase classname="testpack.Verifytestclass" name="verifycontacttohelpbutton" time="0.0">
    <skipped/>
  </testcase> <!-- verifycontacttohelpbutton -->
  <testcase classname="testpack.Testclass" name="verifyreturnbutton" time="0.0">
    <skipped/>
  </testcase> <!-- verifyreturnbutton -->
  <testcase classname="testpack.Verifytestclass" name="verifyreturnbutton" time="0.0">
    <skipped/>
  </testcase> <!-- verifyreturnbutton -->
</testsuite> <!-- firefox -->
